<?xml version="1.0" encoding="UTF-8"?>
<!-- Generated by org.testng.reporters.JUnitXMLReporter -->
<testsuite ignored="0" hostname="DESKTOP-CLB1PA9" failures="0" tests="3" name="Default test" time="52.413" errors="0" timestamp="14 Feb 2024 06:28:05 GMT">
  <testcase classname="ratnesh.SeleniumFrameworkDesign.Test.SubmitOrderTest" name="submitOrder" time="10.736"/>
  <testcase classname="ratnesh.SeleniumFrameworkDesign.Test.SubmitOrderTest" name="submitOrder" time="11.482"/>
  <testcase classname="ratnesh.SeleniumFrameworkDesign.Test.SubmitOrderTest" name="OrderHistoryTest" time="0.897"/>
</testsuite> <!-- Default test -->
