<?xml version="1.0" encoding="UTF-8"?>
<!-- Generated by org.testng.reporters.JUnitXMLReporter -->
<testsuite ignored="0" hostname="DESKTOP-CLB1PA9" failures="0" tests="2" name="Error Validations Test" time="27.376" errors="0" timestamp="15 Feb 2024 06:59:13 GMT">
  <testcase classname="ratnesh.SeleniumFrameworkDesign.Test.ErrorValidationsTest" name="productErrorValidation" time="9.505"/>
  <testcase classname="ratnesh.SeleniumFrameworkDesign.Test.ErrorValidationsTest" name="submitOrder" time="0.326"/>
</testsuite> <!-- Error Validations Test -->
