<?xml version="1.0" encoding="UTF-8"?>
<!-- Generated by org.testng.reporters.JUnitXMLReporter -->
<testsuite ignored="0" hostname="DESKTOP-CLB1PA9" failures="0" tests="3" name="Submit Order Test" time="47.257" errors="0" timestamp="15 Feb 2024 06:59:32 GMT">
  <testcase classname="ratnesh.SeleniumFrameworkDesign.Test.SubmitOrderTest" name="submitOrder" time="13.254"/>
  <testcase classname="ratnesh.SeleniumFrameworkDesign.Test.SubmitOrderTest" name="submitOrder" time="13.493"/>
  <testcase classname="ratnesh.SeleniumFrameworkDesign.Test.SubmitOrderTest" name="OrderHistoryTest" time="1.018"/>
</testsuite> <!-- Submit Order Test -->
