<?xml version="1.0" encoding="UTF-8"?>
<!-- Generated by org.testng.reporters.JUnitXMLReporter -->
<testsuite ignored="0" hostname="DESKTOP-CLB1PA9" failures="0" tests="2" name="Error Validations Test" time="22.931" errors="0" timestamp="16 Feb 2024 05:58:15 GMT">
  <testcase classname="ratnesh.SeleniumFrameworkDesign.Test.ErrorValidationsTest" name="productErrorValidation" time="9.864"/>
  <testcase classname="ratnesh.SeleniumFrameworkDesign.Test.ErrorValidationsTest" name="submitOrder" time="0.522"/>
</testsuite> <!-- Error Validations Test -->
