<?xml version="1.0" encoding="UTF-8"?>
<!-- Generated by org.testng.reporters.JUnitXMLReporter -->
<testsuite ignored="0" hostname="DESKTOP-CLB1PA9" failures="0" tests="3" name="Submit Order Test" time="42.314" errors="0" timestamp="16 Feb 2024 05:58:35 GMT">
  <testcase classname="ratnesh.SeleniumFrameworkDesign.Test.SubmitOrderTest" name="submitOrder" time="11.198"/>
  <testcase classname="ratnesh.SeleniumFrameworkDesign.Test.SubmitOrderTest" name="submitOrder" time="11.434"/>
  <testcase classname="ratnesh.SeleniumFrameworkDesign.Test.SubmitOrderTest" name="OrderHistoryTest" time="1.422"/>
</testsuite> <!-- Submit Order Test -->
